{"C:\\Users\\Administrator.PC-201511041456\\TPoker\\test\\judgeLevel.test.js":{"path":"C:\\Users\\Administrator.PC-201511041456\\TPoker\\test\\judgeLevel.test.js","s":{"1":1,"2":1,"3":1,"4":1,"5":1},"b":{},"f":{"1":1,"2":1},"fnMap":{"1":{"name":"(anonymous_1)","line":4,"loc":{"start":{"line":4,"column":23},"end":{"line":4,"column":34}}},"2":{"name":"(anonymous_2)","line":5,"loc":{"start":{"line":5,"column":27},"end":{"line":5,"column":38}}}},"statementMap":{"1":{"start":{"line":1,"column":0},"end":{"line":1,"column":41}},"2":{"start":{"line":2,"column":0},"end":{"line":2,"column":35}},"3":{"start":{"line":4,"column":0},"end":{"line":8,"column":3}},"4":{"start":{"line":5,"column":2},"end":{"line":7,"column":5}},"5":{"start":{"line":6,"column":4},"end":{"line":6,"column":198}}},"branchMap":{}}}