{"C:\\Users\\Administrator.PC-201511041456\\TPoker\\judgeLevel.js":{"path":"C:\\Users\\Administrator.PC-201511041456\\TPoker\\judgeLevel.js","s":{"1":1,"2":1,"3":1,"4":1,"5":1,"6":1,"7":1,"8":1,"9":1,"10":14,"11":14,"12":14,"13":14,"14":14,"15":14,"16":5,"17":2,"18":3,"19":3,"20":3,"21":15,"22":3,"23":15,"24":3,"25":9,"26":3,"27":3,"28":18,"29":6,"30":3,"31":3,"32":3,"33":6,"34":3,"35":2,"36":2,"37":3,"38":3,"39":2,"40":1,"41":2,"42":1,"43":1,"44":7,"45":4,"46":1,"47":6,"48":1,"49":3,"50":0,"51":3,"52":2,"53":1,"54":1,"55":1,"56":1,"57":7,"58":3,"59":1,"60":3,"61":1,"62":1,"63":1,"64":1,"65":7,"66":5,"67":1,"68":8,"69":1,"70":1,"71":1,"72":7,"73":1,"74":14,"75":1,"76":1},"b":{"1":[5,9],"2":[14,5],"3":[2,3],"4":[3,0],"5":[3,2],"6":[3,6],"7":[6,12],"8":[3,3],"9":[6,3],"10":[2,1],"11":[3,0],"12":[4,3],"13":[0,3],"14":[2,1],"15":[1,1],"16":[3,4],"17":[7,5],"18":[5,2]},"f":{"1":14,"2":15,"3":15,"4":18,"5":3,"6":3,"7":1,"8":7,"9":6,"10":7,"11":3,"12":7,"13":8,"14":7,"15":14},"fnMap":{"1":{"name":"judgeLevel","line":27,"loc":{"start":{"line":27,"column":0},"end":{"line":27,"column":24}}},"2":{"name":"(anonymous_2)","line":57,"loc":{"start":{"line":57,"column":44},"end":{"line":57,"column":59}}},"3":{"name":"(anonymous_3)","line":60,"loc":{"start":{"line":60,"column":32},"end":{"line":60,"column":45}}},"4":{"name":"(anonymous_4)","line":70,"loc":{"start":{"line":70,"column":24},"end":{"line":70,"column":37}}},"5":{"name":"(anonymous_5)","line":75,"loc":{"start":{"line":75,"column":32},"end":{"line":75,"column":45}}},"6":{"name":"(anonymous_6)","line":85,"loc":{"start":{"line":85,"column":47},"end":{"line":85,"column":60}}},"7":{"name":"(anonymous_7)","line":90,"loc":{"start":{"line":90,"column":38},"end":{"line":90,"column":51}}},"8":{"name":"(anonymous_8)","line":98,"loc":{"start":{"line":98,"column":32},"end":{"line":98,"column":45}}},"9":{"name":"(anonymous_9)","line":103,"loc":{"start":{"line":103,"column":40},"end":{"line":103,"column":53}}},"10":{"name":"(anonymous_10)","line":122,"loc":{"start":{"line":122,"column":40},"end":{"line":122,"column":53}}},"11":{"name":"(anonymous_11)","line":127,"loc":{"start":{"line":127,"column":48},"end":{"line":127,"column":61}}},"12":{"name":"(anonymous_12)","line":137,"loc":{"start":{"line":137,"column":40},"end":{"line":137,"column":53}}},"13":{"name":"(anonymous_13)","line":142,"loc":{"start":{"line":142,"column":48},"end":{"line":142,"column":61}}},"14":{"name":"(anonymous_14)","line":153,"loc":{"start":{"line":153,"column":36},"end":{"line":153,"column":49}}},"15":{"name":"(anonymous_15)","line":156,"loc":{"start":{"line":156,"column":44},"end":{"line":156,"column":57}}}},"statementMap":{"1":{"start":{"line":2,"column":0},"end":{"line":2,"column":34}},"2":{"start":{"line":4,"column":0},"end":{"line":4,"column":33}},"3":{"start":{"line":5,"column":0},"end":{"line":5,"column":33}},"4":{"start":{"line":6,"column":0},"end":{"line":6,"column":33}},"5":{"start":{"line":7,"column":0},"end":{"line":7,"column":35}},"6":{"start":{"line":8,"column":0},"end":{"line":8,"column":33}},"7":{"start":{"line":21,"column":0},"end":{"line":21,"column":141}},"8":{"start":{"line":22,"column":0},"end":{"line":22,"column":9}},"9":{"start":{"line":27,"column":0},"end":{"line":171,"column":1}},"10":{"start":{"line":30,"column":4},"end":{"line":30,"column":33}},"11":{"start":{"line":34,"column":4},"end":{"line":34,"column":33}},"12":{"start":{"line":38,"column":4},"end":{"line":38,"column":33}},"13":{"start":{"line":42,"column":4},"end":{"line":42,"column":35}},"14":{"start":{"line":46,"column":4},"end":{"line":46,"column":33}},"15":{"start":{"line":48,"column":4},"end":{"line":170,"column":5}},"16":{"start":{"line":49,"column":8},"end":{"line":66,"column":9}},"17":{"start":{"line":50,"column":12},"end":{"line":53,"column":13}},"18":{"start":{"line":55,"column":12},"end":{"line":65,"column":13}},"19":{"start":{"line":56,"column":16},"end":{"line":56,"column":33}},"20":{"start":{"line":57,"column":16},"end":{"line":59,"column":18}},"21":{"start":{"line":58,"column":20},"end":{"line":58,"column":53}},"22":{"start":{"line":60,"column":16},"end":{"line":60,"column":58}},"23":{"start":{"line":60,"column":46},"end":{"line":60,"column":56}},"24":{"start":{"line":61,"column":16},"end":{"line":64,"column":17}},"25":{"start":{"line":68,"column":8},"end":{"line":169,"column":9}},"26":{"start":{"line":69,"column":12},"end":{"line":69,"column":33}},"27":{"start":{"line":70,"column":12},"end":{"line":74,"column":14}},"28":{"start":{"line":71,"column":16},"end":{"line":73,"column":17}},"29":{"start":{"line":72,"column":20},"end":{"line":72,"column":50}},"30":{"start":{"line":75,"column":12},"end":{"line":75,"column":58}},"31":{"start":{"line":75,"column":46},"end":{"line":75,"column":56}},"32":{"start":{"line":76,"column":12},"end":{"line":80,"column":13}},"33":{"start":{"line":82,"column":12},"end":{"line":168,"column":13}},"34":{"start":{"line":83,"column":16},"end":{"line":109,"column":17}},"35":{"start":{"line":84,"column":20},"end":{"line":84,"column":39}},"36":{"start":{"line":85,"column":20},"end":{"line":89,"column":22}},"37":{"start":{"line":86,"column":24},"end":{"line":88,"column":25}},"38":{"start":{"line":87,"column":28},"end":{"line":87,"column":50}},"39":{"start":{"line":90,"column":20},"end":{"line":90,"column":64}},"40":{"start":{"line":90,"column":52},"end":{"line":90,"column":62}},"41":{"start":{"line":91,"column":20},"end":{"line":95,"column":21}},"42":{"start":{"line":97,"column":20},"end":{"line":97,"column":41}},"43":{"start":{"line":98,"column":20},"end":{"line":102,"column":22}},"44":{"start":{"line":99,"column":24},"end":{"line":101,"column":25}},"45":{"start":{"line":100,"column":28},"end":{"line":100,"column":58}},"46":{"start":{"line":103,"column":20},"end":{"line":103,"column":66}},"47":{"start":{"line":103,"column":54},"end":{"line":103,"column":64}},"48":{"start":{"line":104,"column":20},"end":{"line":108,"column":21}},"49":{"start":{"line":111,"column":16},"end":{"line":166,"column":17}},"50":{"start":{"line":112,"column":20},"end":{"line":115,"column":21}},"51":{"start":{"line":117,"column":20},"end":{"line":165,"column":21}},"52":{"start":{"line":118,"column":24},"end":{"line":150,"column":25}},"53":{"start":{"line":119,"column":28},"end":{"line":119,"column":49}},"54":{"start":{"line":120,"column":28},"end":{"line":120,"column":88}},"55":{"start":{"line":121,"column":28},"end":{"line":121,"column":88}},"56":{"start":{"line":122,"column":28},"end":{"line":126,"column":30}},"57":{"start":{"line":123,"column":32},"end":{"line":125,"column":33}},"58":{"start":{"line":124,"column":36},"end":{"line":124,"column":66}},"59":{"start":{"line":127,"column":28},"end":{"line":127,"column":74}},"60":{"start":{"line":127,"column":62},"end":{"line":127,"column":72}},"61":{"start":{"line":128,"column":28},"end":{"line":133,"column":29}},"62":{"start":{"line":135,"column":28},"end":{"line":135,"column":49}},"63":{"start":{"line":136,"column":28},"end":{"line":136,"column":87}},"64":{"start":{"line":137,"column":28},"end":{"line":141,"column":30}},"65":{"start":{"line":138,"column":32},"end":{"line":140,"column":33}},"66":{"start":{"line":139,"column":36},"end":{"line":139,"column":66}},"67":{"start":{"line":142,"column":28},"end":{"line":142,"column":74}},"68":{"start":{"line":142,"column":62},"end":{"line":142,"column":72}},"69":{"start":{"line":143,"column":28},"end":{"line":149,"column":29}},"70":{"start":{"line":152,"column":24},"end":{"line":152,"column":45}},"71":{"start":{"line":153,"column":24},"end":{"line":155,"column":26}},"72":{"start":{"line":154,"column":28},"end":{"line":154,"column":58}},"73":{"start":{"line":156,"column":24},"end":{"line":156,"column":70}},"74":{"start":{"line":156,"column":58},"end":{"line":156,"column":68}},"75":{"start":{"line":157,"column":24},"end":{"line":164,"column":25}},"76":{"start":{"line":173,"column":0},"end":{"line":173,"column":25}}},"branchMap":{"1":{"line":48,"type":"if","locations":[{"start":{"line":48,"column":4},"end":{"line":48,"column":4}},{"start":{"line":48,"column":4},"end":{"line":48,"column":4}}]},"2":{"line":48,"type":"binary-expr","locations":[{"start":{"line":48,"column":7},"end":{"line":48,"column":23}},{"start":{"line":48,"column":26},"end":{"line":48,"column":42}}]},"3":{"line":49,"type":"if","locations":[{"start":{"line":49,"column":8},"end":{"line":49,"column":8}},{"start":{"line":49,"column":8},"end":{"line":49,"column":8}}]},"4":{"line":55,"type":"if","locations":[{"start":{"line":55,"column":12},"end":{"line":55,"column":12}},{"start":{"line":55,"column":12},"end":{"line":55,"column":12}}]},"5":{"line":55,"type":"binary-expr","locations":[{"start":{"line":55,"column":17},"end":{"line":55,"column":34}},{"start":{"line":55,"column":36},"end":{"line":55,"column":51}}]},"6":{"line":68,"type":"if","locations":[{"start":{"line":68,"column":8},"end":{"line":68,"column":8}},{"start":{"line":68,"column":8},"end":{"line":68,"column":8}}]},"7":{"line":71,"type":"if","locations":[{"start":{"line":71,"column":16},"end":{"line":71,"column":16}},{"start":{"line":71,"column":16},"end":{"line":71,"column":16}}]},"8":{"line":82,"type":"if","locations":[{"start":{"line":82,"column":12},"end":{"line":82,"column":12}},{"start":{"line":82,"column":12},"end":{"line":82,"column":12}}]},"9":{"line":82,"type":"binary-expr","locations":[{"start":{"line":82,"column":15},"end":{"line":82,"column":32}},{"start":{"line":82,"column":35},"end":{"line":82,"column":55}}]},"10":{"line":83,"type":"if","locations":[{"start":{"line":83,"column":16},"end":{"line":83,"column":16}},{"start":{"line":83,"column":16},"end":{"line":83,"column":16}}]},"11":{"line":86,"type":"if","locations":[{"start":{"line":86,"column":24},"end":{"line":86,"column":24}},{"start":{"line":86,"column":24},"end":{"line":86,"column":24}}]},"12":{"line":99,"type":"if","locations":[{"start":{"line":99,"column":24},"end":{"line":99,"column":24}},{"start":{"line":99,"column":24},"end":{"line":99,"column":24}}]},"13":{"line":111,"type":"if","locations":[{"start":{"line":111,"column":16},"end":{"line":111,"column":16}},{"start":{"line":111,"column":16},"end":{"line":111,"column":16}}]},"14":{"line":117,"type":"if","locations":[{"start":{"line":117,"column":20},"end":{"line":117,"column":20}},{"start":{"line":117,"column":20},"end":{"line":117,"column":20}}]},"15":{"line":118,"type":"if","locations":[{"start":{"line":118,"column":24},"end":{"line":118,"column":24}},{"start":{"line":118,"column":24},"end":{"line":118,"column":24}}]},"16":{"line":123,"type":"if","locations":[{"start":{"line":123,"column":32},"end":{"line":123,"column":32}},{"start":{"line":123,"column":32},"end":{"line":123,"column":32}}]},"17":{"line":123,"type":"binary-expr","locations":[{"start":{"line":123,"column":36},"end":{"line":123,"column":56}},{"start":{"line":123,"column":60},"end":{"line":123,"column":80}}]},"18":{"line":138,"type":"if","locations":[{"start":{"line":138,"column":32},"end":{"line":138,"column":32}},{"start":{"line":138,"column":32},"end":{"line":138,"column":32}}]}}},"C:\\Users\\Administrator.PC-201511041456\\TPoker\\judge.js":{"path":"C:\\Users\\Administrator.PC-201511041456\\TPoker\\judge.js","s":{"1":1,"2":14,"3":91,"4":14,"5":14,"6":91,"7":14,"8":182,"9":7,"10":175,"11":182,"12":14,"13":5,"14":5,"15":7,"16":5,"17":2,"18":5,"19":9,"20":1,"21":14,"22":91,"23":14,"24":14,"25":91,"26":14,"27":182,"28":5,"29":177,"30":182,"31":14,"32":5,"33":9,"34":0,"35":9,"36":1,"37":14,"38":91,"39":14,"40":14,"41":91,"42":14,"43":182,"44":3,"45":179,"46":182,"47":14,"48":3,"49":11,"50":1,"51":14,"52":91,"53":14,"54":14,"55":91,"56":14,"57":14,"58":14,"59":14,"60":56,"61":5,"62":5,"63":14,"64":5,"65":33,"66":26,"67":5,"68":9,"69":1,"70":14,"71":91,"72":14,"73":14,"74":14,"75":14,"76":14,"77":14,"78":77,"79":77,"80":77,"81":47,"82":47,"83":30,"84":14,"85":2,"86":12,"87":1,"88":1,"89":1,"90":1,"91":1},"b":{"1":[7,175],"2":[5,9],"3":[5,177],"4":[5,9],"5":[0,9],"6":[0,0],"7":[3,179],"8":[3,11],"9":[5,51],"10":[5,9],"11":[26,7],"12":[47,30],"13":[77,56],"14":[2,12]},"f":{"1":14,"2":91,"3":91,"4":182,"5":182,"6":7,"7":2,"8":14,"9":91,"10":91,"11":182,"12":182,"13":14,"14":91,"15":91,"16":182,"17":182,"18":14,"19":91,"20":91,"21":56,"22":33,"23":14,"24":91},"fnMap":{"1":{"name":"judgePair","line":4,"loc":{"start":{"line":4,"column":0},"end":{"line":4,"column":23}}},"2":{"name":"(anonymous_2)","line":7,"loc":{"start":{"line":7,"column":26},"end":{"line":7,"column":40}}},"3":{"name":"(anonymous_3)","line":14,"loc":{"start":{"line":14,"column":22},"end":{"line":14,"column":33}}},"4":{"name":"(anonymous_4)","line":17,"loc":{"start":{"line":17,"column":28},"end":{"line":17,"column":47}}},"5":{"name":"(anonymous_5)","line":28,"loc":{"start":{"line":28,"column":14},"end":{"line":28,"column":28}}},"6":{"name":"(anonymous_6)","line":33,"loc":{"start":{"line":33,"column":23},"end":{"line":33,"column":36}}},"7":{"name":"(anonymous_7)","line":36,"loc":{"start":{"line":36,"column":21},"end":{"line":36,"column":34}}},"8":{"name":"judgeThree","line":50,"loc":{"start":{"line":50,"column":0},"end":{"line":50,"column":24}}},"9":{"name":"(anonymous_9)","line":53,"loc":{"start":{"line":53,"column":26},"end":{"line":53,"column":40}}},"10":{"name":"(anonymous_10)","line":60,"loc":{"start":{"line":60,"column":22},"end":{"line":60,"column":33}}},"11":{"name":"(anonymous_11)","line":63,"loc":{"start":{"line":63,"column":28},"end":{"line":63,"column":47}}},"12":{"name":"(anonymous_12)","line":74,"loc":{"start":{"line":74,"column":14},"end":{"line":74,"column":28}}},"13":{"name":"judgeFour","line":90,"loc":{"start":{"line":90,"column":0},"end":{"line":90,"column":23}}},"14":{"name":"(anonymous_14)","line":93,"loc":{"start":{"line":93,"column":26},"end":{"line":93,"column":40}}},"15":{"name":"(anonymous_15)","line":99,"loc":{"start":{"line":99,"column":22},"end":{"line":99,"column":33}}},"16":{"name":"(anonymous_16)","line":102,"loc":{"start":{"line":102,"column":28},"end":{"line":102,"column":47}}},"17":{"name":"(anonymous_17)","line":113,"loc":{"start":{"line":113,"column":14},"end":{"line":113,"column":28}}},"18":{"name":"judgeSuit","line":129,"loc":{"start":{"line":129,"column":0},"end":{"line":129,"column":23}}},"19":{"name":"(anonymous_19)","line":132,"loc":{"start":{"line":132,"column":25},"end":{"line":132,"column":39}}},"20":{"name":"(anonymous_20)","line":138,"loc":{"start":{"line":138,"column":21},"end":{"line":138,"column":32}}},"21":{"name":"(anonymous_21)","line":146,"loc":{"start":{"line":146,"column":20},"end":{"line":146,"column":40}}},"22":{"name":"(anonymous_22)","line":153,"loc":{"start":{"line":153,"column":25},"end":{"line":153,"column":45}}},"23":{"name":"judgeSort","line":171,"loc":{"start":{"line":171,"column":0},"end":{"line":171,"column":23}}},"24":{"name":"(anonymous_24)","line":172,"loc":{"start":{"line":172,"column":26},"end":{"line":172,"column":40}}}},"statementMap":{"1":{"start":{"line":4,"column":0},"end":{"line":46,"column":1}},"2":{"start":{"line":7,"column":4},"end":{"line":9,"column":6}},"3":{"start":{"line":8,"column":8},"end":{"line":8,"column":25}},"4":{"start":{"line":13,"column":4},"end":{"line":13,"column":44}},"5":{"start":{"line":14,"column":4},"end":{"line":16,"column":6}},"6":{"start":{"line":15,"column":8},"end":{"line":15,"column":22}},"7":{"start":{"line":17,"column":4},"end":{"line":30,"column":6}},"8":{"start":{"line":18,"column":8},"end":{"line":27,"column":9}},"9":{"start":{"line":19,"column":12},"end":{"line":22,"column":13}},"10":{"start":{"line":24,"column":12},"end":{"line":26,"column":13}},"11":{"start":{"line":29,"column":8},"end":{"line":29,"column":26}},"12":{"start":{"line":31,"column":4},"end":{"line":45,"column":5}},"13":{"start":{"line":32,"column":8},"end":{"line":32,"column":22}},"14":{"start":{"line":33,"column":8},"end":{"line":35,"column":10}},"15":{"start":{"line":34,"column":12},"end":{"line":34,"column":35}},"16":{"start":{"line":36,"column":8},"end":{"line":36,"column":47}},"17":{"start":{"line":36,"column":35},"end":{"line":36,"column":45}},"18":{"start":{"line":37,"column":8},"end":{"line":40,"column":9}},"19":{"start":{"line":42,"column":8},"end":{"line":44,"column":9}},"20":{"start":{"line":50,"column":0},"end":{"line":86,"column":1}},"21":{"start":{"line":53,"column":4},"end":{"line":55,"column":6}},"22":{"start":{"line":54,"column":8},"end":{"line":54,"column":25}},"23":{"start":{"line":59,"column":4},"end":{"line":59,"column":44}},"24":{"start":{"line":60,"column":4},"end":{"line":62,"column":6}},"25":{"start":{"line":61,"column":8},"end":{"line":61,"column":22}},"26":{"start":{"line":63,"column":4},"end":{"line":76,"column":6}},"27":{"start":{"line":64,"column":8},"end":{"line":73,"column":9}},"28":{"start":{"line":65,"column":12},"end":{"line":68,"column":13}},"29":{"start":{"line":70,"column":12},"end":{"line":72,"column":13}},"30":{"start":{"line":75,"column":8},"end":{"line":75,"column":27}},"31":{"start":{"line":77,"column":4},"end":{"line":85,"column":5}},"32":{"start":{"line":78,"column":8},"end":{"line":78,"column":24}},"33":{"start":{"line":79,"column":10},"end":{"line":85,"column":5}},"34":{"start":{"line":80,"column":8},"end":{"line":80,"column":66}},"35":{"start":{"line":82,"column":8},"end":{"line":84,"column":9}},"36":{"start":{"line":90,"column":0},"end":{"line":125,"column":1}},"37":{"start":{"line":93,"column":4},"end":{"line":95,"column":6}},"38":{"start":{"line":94,"column":8},"end":{"line":94,"column":25}},"39":{"start":{"line":98,"column":4},"end":{"line":98,"column":44}},"40":{"start":{"line":99,"column":4},"end":{"line":101,"column":6}},"41":{"start":{"line":100,"column":8},"end":{"line":100,"column":22}},"42":{"start":{"line":102,"column":4},"end":{"line":115,"column":6}},"43":{"start":{"line":103,"column":8},"end":{"line":112,"column":9}},"44":{"start":{"line":104,"column":12},"end":{"line":107,"column":13}},"45":{"start":{"line":109,"column":12},"end":{"line":111,"column":13}},"46":{"start":{"line":114,"column":8},"end":{"line":114,"column":26}},"47":{"start":{"line":118,"column":4},"end":{"line":124,"column":5}},"48":{"start":{"line":119,"column":8},"end":{"line":119,"column":24}},"49":{"start":{"line":121,"column":8},"end":{"line":123,"column":9}},"50":{"start":{"line":129,"column":0},"end":{"line":167,"column":1}},"51":{"start":{"line":132,"column":4},"end":{"line":134,"column":6}},"52":{"start":{"line":133,"column":8},"end":{"line":133,"column":24}},"53":{"start":{"line":137,"column":4},"end":{"line":137,"column":25}},"54":{"start":{"line":138,"column":4},"end":{"line":140,"column":6}},"55":{"start":{"line":139,"column":8},"end":{"line":139,"column":21}},"56":{"start":{"line":143,"column":4},"end":{"line":143,"column":13}},"57":{"start":{"line":144,"column":4},"end":{"line":144,"column":17}},"58":{"start":{"line":145,"column":4},"end":{"line":145,"column":19}},"59":{"start":{"line":146,"column":4},"end":{"line":151,"column":6}},"60":{"start":{"line":147,"column":8},"end":{"line":150,"column":9}},"61":{"start":{"line":148,"column":12},"end":{"line":148,"column":22}},"62":{"start":{"line":149,"column":12},"end":{"line":149,"column":27}},"63":{"start":{"line":152,"column":4},"end":{"line":166,"column":5}},"64":{"start":{"line":153,"column":8},"end":{"line":157,"column":10}},"65":{"start":{"line":154,"column":12},"end":{"line":156,"column":13}},"66":{"start":{"line":155,"column":16},"end":{"line":155,"column":36}},"67":{"start":{"line":158,"column":8},"end":{"line":161,"column":9}},"68":{"start":{"line":163,"column":8},"end":{"line":165,"column":9}},"69":{"start":{"line":171,"column":0},"end":{"line":200,"column":1}},"70":{"start":{"line":172,"column":4},"end":{"line":174,"column":6}},"71":{"start":{"line":173,"column":8},"end":{"line":173,"column":25}},"72":{"start":{"line":175,"column":4},"end":{"line":175,"column":25}},"73":{"start":{"line":176,"column":4},"end":{"line":176,"column":18}},"74":{"start":{"line":177,"column":4},"end":{"line":177,"column":13}},"75":{"start":{"line":178,"column":4},"end":{"line":178,"column":14}},"76":{"start":{"line":179,"column":4},"end":{"line":179,"column":22}},"77":{"start":{"line":180,"column":4},"end":{"line":189,"column":5}},"78":{"start":{"line":181,"column":8},"end":{"line":181,"column":25}},"79":{"start":{"line":182,"column":8},"end":{"line":182,"column":28}},"80":{"start":{"line":183,"column":8},"end":{"line":188,"column":9}},"81":{"start":{"line":184,"column":12},"end":{"line":184,"column":18}},"82":{"start":{"line":185,"column":12},"end":{"line":185,"column":26}},"83":{"start":{"line":187,"column":12},"end":{"line":187,"column":17}},"84":{"start":{"line":190,"column":4},"end":{"line":199,"column":5}},"85":{"start":{"line":191,"column":8},"end":{"line":194,"column":9}},"86":{"start":{"line":196,"column":8},"end":{"line":198,"column":9}},"87":{"start":{"line":202,"column":0},"end":{"line":202,"column":27}},"88":{"start":{"line":203,"column":0},"end":{"line":203,"column":29}},"89":{"start":{"line":204,"column":0},"end":{"line":204,"column":27}},"90":{"start":{"line":205,"column":0},"end":{"line":205,"column":27}},"91":{"start":{"line":206,"column":0},"end":{"line":206,"column":27}}},"branchMap":{"1":{"line":18,"type":"if","locations":[{"start":{"line":18,"column":8},"end":{"line":18,"column":8}},{"start":{"line":18,"column":8},"end":{"line":18,"column":8}}]},"2":{"line":31,"type":"if","locations":[{"start":{"line":31,"column":4},"end":{"line":31,"column":4}},{"start":{"line":31,"column":4},"end":{"line":31,"column":4}}]},"3":{"line":64,"type":"if","locations":[{"start":{"line":64,"column":8},"end":{"line":64,"column":8}},{"start":{"line":64,"column":8},"end":{"line":64,"column":8}}]},"4":{"line":77,"type":"if","locations":[{"start":{"line":77,"column":4},"end":{"line":77,"column":4}},{"start":{"line":77,"column":4},"end":{"line":77,"column":4}}]},"5":{"line":79,"type":"if","locations":[{"start":{"line":79,"column":10},"end":{"line":79,"column":10}},{"start":{"line":79,"column":10},"end":{"line":79,"column":10}}]},"6":{"line":80,"type":"cond-expr","locations":[{"start":{"line":80,"column":47},"end":{"line":80,"column":56}},{"start":{"line":80,"column":57},"end":{"line":80,"column":66}}]},"7":{"line":103,"type":"if","locations":[{"start":{"line":103,"column":8},"end":{"line":103,"column":8}},{"start":{"line":103,"column":8},"end":{"line":103,"column":8}}]},"8":{"line":118,"type":"if","locations":[{"start":{"line":118,"column":4},"end":{"line":118,"column":4}},{"start":{"line":118,"column":4},"end":{"line":118,"column":4}}]},"9":{"line":147,"type":"if","locations":[{"start":{"line":147,"column":8},"end":{"line":147,"column":8}},{"start":{"line":147,"column":8},"end":{"line":147,"column":8}}]},"10":{"line":152,"type":"if","locations":[{"start":{"line":152,"column":4},"end":{"line":152,"column":4}},{"start":{"line":152,"column":4},"end":{"line":152,"column":4}}]},"11":{"line":154,"type":"if","locations":[{"start":{"line":154,"column":12},"end":{"line":154,"column":12}},{"start":{"line":154,"column":12},"end":{"line":154,"column":12}}]},"12":{"line":183,"type":"if","locations":[{"start":{"line":183,"column":8},"end":{"line":183,"column":8}},{"start":{"line":183,"column":8},"end":{"line":183,"column":8}}]},"13":{"line":183,"type":"binary-expr","locations":[{"start":{"line":183,"column":12},"end":{"line":183,"column":32}},{"start":{"line":183,"column":36},"end":{"line":183,"column":52}}]},"14":{"line":190,"type":"if","locations":[{"start":{"line":190,"column":4},"end":{"line":190,"column":4}},{"start":{"line":190,"column":4},"end":{"line":190,"column":4}}]}}}}