TN:
SF:C:\Users\Administrator.PC-201511041456\TPoker\judgeLevel.js
FN:27,judgeLevel
FN:57,(anonymous_2)
FN:60,(anonymous_3)
FN:70,(anonymous_4)
FN:75,(anonymous_5)
FN:85,(anonymous_6)
FN:90,(anonymous_7)
FN:98,(anonymous_8)
FN:103,(anonymous_9)
FN:122,(anonymous_10)
FN:127,(anonymous_11)
FN:137,(anonymous_12)
FN:142,(anonymous_13)
FN:153,(anonymous_14)
FN:156,(anonymous_15)
FNF:15
FNH:15
FNDA:14,judgeLevel
FNDA:15,(anonymous_2)
FNDA:15,(anonymous_3)
FNDA:18,(anonymous_4)
FNDA:3,(anonymous_5)
FNDA:3,(anonymous_6)
FNDA:1,(anonymous_7)
FNDA:7,(anonymous_8)
FNDA:6,(anonymous_9)
FNDA:7,(anonymous_10)
FNDA:3,(anonymous_11)
FNDA:7,(anonymous_12)
FNDA:8,(anonymous_13)
FNDA:7,(anonymous_14)
FNDA:14,(anonymous_15)
DA:2,1
DA:4,1
DA:5,1
DA:6,1
DA:7,1
DA:8,1
DA:21,1
DA:22,1
DA:27,1
DA:30,14
DA:34,14
DA:38,14
DA:42,14
DA:46,14
DA:48,14
DA:49,5
DA:50,2
DA:55,3
DA:56,3
DA:57,3
DA:58,15
DA:60,15
DA:61,3
DA:68,9
DA:69,3
DA:70,3
DA:71,18
DA:72,6
DA:75,3
DA:76,3
DA:82,6
DA:83,3
DA:84,2
DA:85,2
DA:86,3
DA:87,3
DA:90,2
DA:91,2
DA:97,1
DA:98,1
DA:99,7
DA:100,4
DA:103,6
DA:104,1
DA:111,3
DA:112,0
DA:117,3
DA:118,2
DA:119,1
DA:120,1
DA:121,1
DA:122,1
DA:123,7
DA:124,3
DA:127,3
DA:128,1
DA:135,1
DA:136,1
DA:137,1
DA:138,7
DA:139,5
DA:142,8
DA:143,1
DA:152,1
DA:153,1
DA:154,7
DA:156,14
DA:157,1
DA:173,1
LF:69
LH:68
BRDA:48,1,0,5
BRDA:48,1,1,9
BRDA:48,2,0,14
BRDA:48,2,1,5
BRDA:49,3,0,2
BRDA:49,3,1,3
BRDA:55,4,0,3
BRDA:55,4,1,0
BRDA:55,5,0,3
BRDA:55,5,1,2
BRDA:68,6,0,3
BRDA:68,6,1,6
BRDA:71,7,0,6
BRDA:71,7,1,12
BRDA:82,8,0,3
BRDA:82,8,1,3
BRDA:82,9,0,6
BRDA:82,9,1,3
BRDA:83,10,0,2
BRDA:83,10,1,1
BRDA:86,11,0,3
BRDA:86,11,1,0
BRDA:99,12,0,4
BRDA:99,12,1,3
BRDA:111,13,0,0
BRDA:111,13,1,3
BRDA:117,14,0,2
BRDA:117,14,1,1
BRDA:118,15,0,1
BRDA:118,15,1,1
BRDA:123,16,0,3
BRDA:123,16,1,4
BRDA:123,17,0,7
BRDA:123,17,1,5
BRDA:138,18,0,5
BRDA:138,18,1,2
BRF:36
BRH:33
end_of_record
TN:
SF:C:\Users\Administrator.PC-201511041456\TPoker\judge.js
FN:4,judgePair
FN:7,(anonymous_2)
FN:14,(anonymous_3)
FN:17,(anonymous_4)
FN:28,(anonymous_5)
FN:33,(anonymous_6)
FN:36,(anonymous_7)
FN:50,judgeThree
FN:53,(anonymous_9)
FN:60,(anonymous_10)
FN:63,(anonymous_11)
FN:74,(anonymous_12)
FN:90,judgeFour
FN:93,(anonymous_14)
FN:99,(anonymous_15)
FN:102,(anonymous_16)
FN:113,(anonymous_17)
FN:129,judgeSuit
FN:132,(anonymous_19)
FN:138,(anonymous_20)
FN:146,(anonymous_21)
FN:153,(anonymous_22)
FN:171,judgeSort
FN:172,(anonymous_24)
FNF:24
FNH:24
FNDA:14,judgePair
FNDA:91,(anonymous_2)
FNDA:91,(anonymous_3)
FNDA:182,(anonymous_4)
FNDA:182,(anonymous_5)
FNDA:7,(anonymous_6)
FNDA:2,(anonymous_7)
FNDA:14,judgeThree
FNDA:91,(anonymous_9)
FNDA:91,(anonymous_10)
FNDA:182,(anonymous_11)
FNDA:182,(anonymous_12)
FNDA:14,judgeFour
FNDA:91,(anonymous_14)
FNDA:91,(anonymous_15)
FNDA:182,(anonymous_16)
FNDA:182,(anonymous_17)
FNDA:14,judgeSuit
FNDA:91,(anonymous_19)
FNDA:91,(anonymous_20)
FNDA:56,(anonymous_21)
FNDA:33,(anonymous_22)
FNDA:14,judgeSort
FNDA:91,(anonymous_24)
DA:4,1
DA:7,14
DA:8,91
DA:13,14
DA:14,14
DA:15,91
DA:17,14
DA:18,182
DA:19,7
DA:24,175
DA:29,182
DA:31,14
DA:32,5
DA:33,5
DA:34,7
DA:36,5
DA:37,5
DA:42,9
DA:50,1
DA:53,14
DA:54,91
DA:59,14
DA:60,14
DA:61,91
DA:63,14
DA:64,182
DA:65,5
DA:70,177
DA:75,182
DA:77,14
DA:78,5
DA:79,9
DA:80,0
DA:82,9
DA:90,1
DA:93,14
DA:94,91
DA:98,14
DA:99,14
DA:100,91
DA:102,14
DA:103,182
DA:104,3
DA:109,179
DA:114,182
DA:118,14
DA:119,3
DA:121,11
DA:129,1
DA:132,14
DA:133,91
DA:137,14
DA:138,14
DA:139,91
DA:143,14
DA:144,14
DA:145,14
DA:146,14
DA:147,56
DA:148,5
DA:149,5
DA:152,14
DA:153,5
DA:154,33
DA:155,26
DA:158,5
DA:163,9
DA:171,1
DA:172,14
DA:173,91
DA:175,14
DA:176,14
DA:177,14
DA:178,14
DA:179,14
DA:180,14
DA:181,77
DA:182,77
DA:183,77
DA:184,47
DA:185,47
DA:187,30
DA:190,14
DA:191,2
DA:196,12
DA:202,1
DA:203,1
DA:204,1
DA:205,1
DA:206,1
LF:90
LH:89
BRDA:18,1,0,7
BRDA:18,1,1,175
BRDA:31,2,0,5
BRDA:31,2,1,9
BRDA:64,3,0,5
BRDA:64,3,1,177
BRDA:77,4,0,5
BRDA:77,4,1,9
BRDA:79,5,0,0
BRDA:79,5,1,9
BRDA:80,6,0,0
BRDA:80,6,1,0
BRDA:103,7,0,3
BRDA:103,7,1,179
BRDA:118,8,0,3
BRDA:118,8,1,11
BRDA:147,9,0,5
BRDA:147,9,1,51
BRDA:152,10,0,5
BRDA:152,10,1,9
BRDA:154,11,0,26
BRDA:154,11,1,7
BRDA:183,12,0,47
BRDA:183,12,1,30
BRDA:183,13,0,77
BRDA:183,13,1,56
BRDA:190,14,0,2
BRDA:190,14,1,12
BRF:28
BRH:25
end_of_record
