TN:
SF:C:\Users\Administrator.PC-201511041456\TPoker\judgeLevel.js
FN:27,judgeLevel
FN:57,(anonymous_2)
FN:60,(anonymous_3)
FN:70,(anonymous_4)
FN:75,(anonymous_5)
FN:85,(anonymous_6)
FN:90,(anonymous_7)
FN:98,(anonymous_8)
FN:103,(anonymous_9)
FN:122,(anonymous_10)
FN:127,(anonymous_11)
FN:137,(anonymous_12)
FN:142,(anonymous_13)
FN:153,(anonymous_14)
FN:156,(anonymous_15)
FNF:15
FNH:3
FNDA:2,judgeLevel
FNDA:0,(anonymous_2)
FNDA:0,(anonymous_3)
FNDA:0,(anonymous_4)
FNDA:0,(anonymous_5)
FNDA:3,(anonymous_6)
FNDA:1,(anonymous_7)
FNDA:0,(anonymous_8)
FNDA:0,(anonymous_9)
FNDA:0,(anonymous_10)
FNDA:0,(anonymous_11)
FNDA:0,(anonymous_12)
FNDA:0,(anonymous_13)
FNDA:0,(anonymous_14)
FNDA:0,(anonymous_15)
DA:2,1
DA:4,1
DA:5,1
DA:6,1
DA:7,1
DA:8,1
DA:27,1
DA:30,2
DA:34,2
DA:38,2
DA:42,2
DA:46,2
DA:48,2
DA:49,1
DA:50,1
DA:55,0
DA:56,0
DA:57,0
DA:58,0
DA:60,0
DA:61,0
DA:68,1
DA:69,0
DA:70,0
DA:71,0
DA:72,0
DA:75,0
DA:76,0
DA:82,1
DA:83,1
DA:84,1
DA:85,1
DA:86,3
DA:87,2
DA:90,1
DA:91,1
DA:97,0
DA:98,0
DA:99,0
DA:100,0
DA:103,0
DA:104,0
DA:111,0
DA:112,0
DA:117,0
DA:118,0
DA:119,0
DA:120,0
DA:121,0
DA:122,0
DA:123,0
DA:124,0
DA:127,0
DA:128,0
DA:135,0
DA:136,0
DA:137,0
DA:138,0
DA:139,0
DA:142,0
DA:143,0
DA:152,0
DA:153,0
DA:154,0
DA:156,0
DA:157,0
DA:173,1
LF:67
LH:25
BRDA:48,1,0,1
BRDA:48,1,1,1
BRDA:48,2,0,2
BRDA:48,2,1,1
BRDA:49,3,0,1
BRDA:49,3,1,0
BRDA:55,4,0,0
BRDA:55,4,1,0
BRDA:55,5,0,0
BRDA:55,5,1,0
BRDA:68,6,0,0
BRDA:68,6,1,1
BRDA:71,7,0,0
BRDA:71,7,1,0
BRDA:82,8,0,1
BRDA:82,8,1,0
BRDA:82,9,0,1
BRDA:82,9,1,1
BRDA:83,10,0,1
BRDA:83,10,1,0
BRDA:86,11,0,2
BRDA:86,11,1,1
BRDA:99,12,0,0
BRDA:99,12,1,0
BRDA:111,13,0,0
BRDA:111,13,1,0
BRDA:117,14,0,0
BRDA:117,14,1,0
BRDA:118,15,0,0
BRDA:118,15,1,0
BRDA:123,16,0,0
BRDA:123,16,1,0
BRDA:123,17,0,0
BRDA:123,17,1,0
BRDA:138,18,0,0
BRDA:138,18,1,0
BRF:36
BRH:12
end_of_record
TN:
SF:C:\Users\Administrator.PC-201511041456\TPoker\judge.js
FN:4,judgePair
FN:7,(anonymous_2)
FN:14,(anonymous_3)
FN:17,(anonymous_4)
FN:28,(anonymous_5)
FN:33,(anonymous_6)
FN:36,(anonymous_7)
FN:50,judgeThree
FN:53,(anonymous_9)
FN:60,(anonymous_10)
FN:63,(anonymous_11)
FN:74,(anonymous_12)
FN:90,judgeFour
FN:93,(anonymous_14)
FN:99,(anonymous_15)
FN:102,(anonymous_16)
FN:113,(anonymous_17)
FN:129,judgeSuit
FN:132,(anonymous_19)
FN:138,(anonymous_20)
FN:146,(anonymous_21)
FN:153,(anonymous_22)
FN:171,judgeSort
FN:172,(anonymous_24)
FNF:24
FNH:24
FNDA:2,judgePair
FNDA:14,(anonymous_2)
FNDA:14,(anonymous_3)
FNDA:26,(anonymous_4)
FNDA:26,(anonymous_5)
FNDA:3,(anonymous_6)
FNDA:2,(anonymous_7)
FNDA:2,judgeThree
FNDA:14,(anonymous_9)
FNDA:14,(anonymous_10)
FNDA:26,(anonymous_11)
FNDA:26,(anonymous_12)
FNDA:2,judgeFour
FNDA:14,(anonymous_14)
FNDA:14,(anonymous_15)
FNDA:26,(anonymous_16)
FNDA:26,(anonymous_17)
FNDA:2,judgeSuit
FNDA:14,(anonymous_19)
FNDA:14,(anonymous_20)
FNDA:8,(anonymous_21)
FNDA:7,(anonymous_22)
FNDA:2,judgeSort
FNDA:14,(anonymous_24)
DA:4,1
DA:7,2
DA:8,14
DA:13,2
DA:14,2
DA:15,14
DA:17,2
DA:18,26
DA:19,3
DA:24,23
DA:29,26
DA:31,2
DA:32,1
DA:33,1
DA:34,3
DA:36,2
DA:37,1
DA:42,1
DA:50,1
DA:53,2
DA:54,14
DA:59,2
DA:60,2
DA:61,14
DA:63,2
DA:64,26
DA:65,1
DA:70,25
DA:75,26
DA:77,2
DA:78,1
DA:79,1
DA:80,0
DA:82,1
DA:90,1
DA:93,2
DA:94,14
DA:98,2
DA:99,2
DA:100,14
DA:102,2
DA:103,26
DA:104,0
DA:109,26
DA:114,26
DA:118,2
DA:119,0
DA:121,2
DA:129,1
DA:132,2
DA:133,14
DA:137,2
DA:138,2
DA:139,14
DA:143,2
DA:144,2
DA:145,2
DA:146,2
DA:147,8
DA:148,1
DA:149,1
DA:152,2
DA:153,1
DA:154,7
DA:155,6
DA:158,1
DA:163,1
DA:171,1
DA:172,2
DA:173,14
DA:175,2
DA:176,2
DA:177,2
DA:178,2
DA:179,2
DA:180,2
DA:181,12
DA:182,12
DA:183,12
DA:184,8
DA:185,8
DA:187,4
DA:190,2
DA:191,1
DA:196,1
DA:202,1
DA:203,1
DA:204,1
DA:205,1
DA:206,1
LF:90
LH:87
BRDA:18,1,0,3
BRDA:18,1,1,23
BRDA:31,2,0,1
BRDA:31,2,1,1
BRDA:64,3,0,1
BRDA:64,3,1,25
BRDA:77,4,0,1
BRDA:77,4,1,1
BRDA:79,5,0,0
BRDA:79,5,1,1
BRDA:80,6,0,0
BRDA:80,6,1,0
BRDA:103,7,0,0
BRDA:103,7,1,26
BRDA:118,8,0,0
BRDA:118,8,1,2
BRDA:147,9,0,1
BRDA:147,9,1,7
BRDA:152,10,0,1
BRDA:152,10,1,1
BRDA:154,11,0,6
BRDA:154,11,1,1
BRDA:183,12,0,8
BRDA:183,12,1,4
BRDA:183,13,0,12
BRDA:183,13,1,8
BRDA:190,14,0,1
BRDA:190,14,1,1
BRF:28
BRH:23
end_of_record
